// 重构日志: 8ae5085e
// 同步 ID: 795e9cb1 @ Mon Jul  6 15:03:45 UTC 2026
// 重构日志: cb84a95c
// 同步 ID: f81db13a @ Tue Jul  7 10:34:05 UTC 2026
// 同步 ID: 34e8b9cf @ Tue Jul  7 16:19:42 UTC 2026
// 同步 ID: b1769022 @ Wed Jul  8 05:22:54 UTC 2026
// 重构日志: b2908bba
// 重构日志: d416a6f5
// 同步 ID: a357ff9d @ Fri Jul 10 01:10:18 UTC 2026
// 重构日志: 3d722d70
// 同步 ID: a7059b52 @ Sun Jul 12 15:57:34 UTC 2026
// 重构日志: d9be6630
// 重构日志: 031465d8
// 重构日志: b96cb1d6
// 同步 ID: 27b4fc96 @ Mon Jul 13 17:44:17 UTC 2026
// 重构日志: af1dd184
// 重构日志: 8e25eeb2
// 重构日志: 539ca75c
// 同步 ID: 0180e63d @ Tue Jul 14 11:47:36 UTC 2026
// 重构日志: 29f591ae
// 重构日志: 3af070f6
// 重构日志: 0d701f12
// 重构日志: 41d687ea
// 重构日志: a99a6b7a
// 重构日志: 3416dfc8
// 同步 ID: 11d1eb63 @ Thu Jul 16 16:59:41 UTC 2026
// 同步 ID: 86e3f8b5 @ Fri Jul 17 01:17:46 UTC 2026
// 同步 ID: d52ff71b @ Fri Jul 17 05:41:40 UTC 2026
// 重构日志: fcdcf4b9
// 同步 ID: 8ab84d3d @ Fri Jul 17 13:42:07 UTC 2026
